<?xml version="1.0" encoding="UTF-8"?>
<!-- Generated by org.testng.reporters.JUnitReportReporter -->
<testsuite hostname="LAPTOP-DNKIU4HO" failures="0" tests="3" name="DynamicJSONWithMultipleDataSet" time="3.195" errors="0" timestamp="2024-07-03T09:45:16 IST" skipped="0">
  <testcase classname="DynamicJSONWithMultipleDataSet" name="addBook" time="1.228"/>
  <testcase classname="DynamicJSONWithMultipleDataSet" name="addBook" time="0.105"/>
  <testcase classname="DynamicJSONWithMultipleDataSet" name="addBook" time="1.862"/>
</testsuite> <!-- DynamicJSONWithMultipleDataSet -->
