<?xml version="1.0" encoding="UTF-8"?>
<!-- Generated by org.testng.reporters.JUnitReportReporter -->
<testsuite hostname="LAPTOP-DNKIU4HO" failures="0" tests="1" name="DynamicJson" time="1.339" errors="0" timestamp="2024-07-01T10:22:52 IST" skipped="0">
  <testcase classname="DynamicJson" name="addBook" time="1.339"/>
</testsuite> <!-- DynamicJson -->
