<?xml version="1.0" encoding="UTF-8"?>
<!-- Generated by org.testng.reporters.JUnitReportReporter -->
<testsuite hostname="LAPTOP-DNKIU4HO" failures="0" tests="1" name="ParameterInPayLoad" time="1.494" errors="0" timestamp="2024-07-01T10:26:12 IST" skipped="0">
  <testcase classname="ParameterInPayLoad" name="addBook" time="1.494"/>
</testsuite> <!-- ParameterInPayLoad -->
